Copyright 1986-2019 Xilinx, Inc. All Rights Reserved.
------------------------------------------------------------------------------------
| Tool Version : Vivado v.2019.1 (lin64) Build 2552052 Fri May 24 14:47:09 MDT 2019
| Date         : Thu Aug  1 16:26:42 2019
| Host         : umram-MS-7C13 running 64-bit Ubuntu 18.04.2 LTS
| Command      : upgrade_ip
| Device       : xc7z020clg484-1
------------------------------------------------------------------------------------

Upgrade Log for IP 'design_1_my_axi_stream_master_0_4'

1. Summary
----------

SUCCESS in the upgrade of design_1_my_axi_stream_master_0_4 (user.org:user:my_axi_stream_master:3.0) from (Rev. 9) to (Rev. 10)






Copyright 1986-2019 Xilinx, Inc. All Rights Reserved.
------------------------------------------------------------------------------------
| Tool Version : Vivado v.2019.1 (lin64) Build 2552052 Fri May 24 14:47:09 MDT 2019
| Date         : Thu Aug  1 15:56:31 2019
| Host         : umram-MS-7C13 running 64-bit Ubuntu 18.04.2 LTS
| Command      : upgrade_ip
| Device       : xc7z020clg484-1
------------------------------------------------------------------------------------

Upgrade Log for IP 'design_1_my_axi_stream_master_0_4'

1. Summary
----------

SUCCESS in the conversion of design_1_my_axi_stream_master_0_4 (user.org:user:my_axi_stream_master:3.0 (Rev. 9)) to Vivado generation flows.






Copyright 1986-2019 Xilinx, Inc. All Rights Reserved.
------------------------------------------------------------------------------------
| Tool Version : Vivado v.2019.1 (lin64) Build 2552052 Fri May 24 14:47:09 MDT 2019
| Date         : Thu Aug  1 14:42:07 2019
| Host         : umram-MS-7C13 running 64-bit Ubuntu 18.04.2 LTS
| Command      : upgrade_ip
| Device       : xc7z020clg484-1
------------------------------------------------------------------------------------

Upgrade Log for IP 'design_1_my_axi_stream_master_0_4'

1. Summary
----------

SUCCESS in the upgrade of design_1_my_axi_stream_master_0_4 (user.org:user:my_axi_stream_master:3.0) from (Rev. 8) to (Rev. 9)






Copyright 1986-2019 Xilinx, Inc. All Rights Reserved.
------------------------------------------------------------------------------------
| Tool Version : Vivado v.2019.1 (lin64) Build 2552052 Fri May 24 14:47:09 MDT 2019
| Date         : Thu Aug  1 14:16:39 2019
| Host         : umram-MS-7C13 running 64-bit Ubuntu 18.04.2 LTS
| Command      : upgrade_ip
| Device       : xc7z020clg484-1
------------------------------------------------------------------------------------

Upgrade Log for IP 'design_1_my_axi_stream_master_0_4'

1. Summary
----------

CAUTION (success, with warnings) in the upgrade of design_1_my_axi_stream_master_0_4 (user.org:user:my_axi_stream_master:3.0) from (Rev. 7) to (Rev. 8)

After upgrade, an IP may have parameter and port differences compared to the original customization. Please review the parameters within the IP customization GUI to ensure proper functionality. Also, please review the updated IP instantiation template to ensure proper connectivity, and update your design if required.

2. Connection Warnings
----------------------

Detected external port differences while upgrading 'design_1_my_axi_stream_master_0_4'. These changes may impact your design.


-Upgrade has added port 'go_led_test'







Copyright 1986-2019 Xilinx, Inc. All Rights Reserved.
------------------------------------------------------------------------------------
| Tool Version : Vivado v.2019.1 (lin64) Build 2552052 Fri May 24 14:47:09 MDT 2019
| Date         : Fri Jul 26 17:53:30 2019
| Host         : umram-MS-7C13 running 64-bit Ubuntu 18.04.2 LTS
| Command      : upgrade_ip
| Device       : xc7z020clg484-1
------------------------------------------------------------------------------------

Upgrade Log for IP 'design_1_my_axi_stream_master_0_4'

1. Summary
----------

SUCCESS in the upgrade of design_1_my_axi_stream_master_0_4 (user.org:user:my_axi_stream_master:3.0) from (Rev. 6) to (Rev. 7)






Copyright 1986-2019 Xilinx, Inc. All Rights Reserved.
------------------------------------------------------------------------------------
| Tool Version : Vivado v.2019.1 (lin64) Build 2552052 Fri May 24 14:47:09 MDT 2019
| Date         : Fri Jul 26 17:37:52 2019
| Host         : umram-MS-7C13 running 64-bit Ubuntu 18.04.2 LTS
| Command      : upgrade_ip
| Device       : xc7z020clg484-1
------------------------------------------------------------------------------------

Upgrade Log for IP 'design_1_my_axi_stream_master_0_4'

1. Summary
----------

SUCCESS in the upgrade of design_1_my_axi_stream_master_0_4 (user.org:user:my_axi_stream_master:3.0) from (Rev. 5) to (Rev. 6)






Copyright 1986-2019 Xilinx, Inc. All Rights Reserved.
------------------------------------------------------------------------------------
| Tool Version : Vivado v.2019.1 (lin64) Build 2552052 Fri May 24 14:47:09 MDT 2019
| Date         : Fri Jul 26 17:29:31 2019
| Host         : umram-MS-7C13 running 64-bit Ubuntu 18.04.2 LTS
| Command      : upgrade_ip
| Device       : xc7z020clg484-1
------------------------------------------------------------------------------------

Upgrade Log for IP 'design_1_my_axi_stream_master_0_4'

1. Summary
----------

SUCCESS in the upgrade of design_1_my_axi_stream_master_0_4 (user.org:user:my_axi_stream_master:3.0) from (Rev. 4) to (Rev. 5)






Copyright 1986-2019 Xilinx, Inc. All Rights Reserved.
------------------------------------------------------------------------------------
| Tool Version : Vivado v.2019.1 (lin64) Build 2552052 Fri May 24 14:47:09 MDT 2019
| Date         : Fri Jul 26 17:22:35 2019
| Host         : umram-MS-7C13 running 64-bit Ubuntu 18.04.2 LTS
| Command      : upgrade_ip
| Device       : xc7z020clg484-1
------------------------------------------------------------------------------------

Upgrade Log for IP 'design_1_my_axi_stream_master_0_4'

1. Summary
----------

SUCCESS in the upgrade of design_1_my_axi_stream_master_0_4 (user.org:user:my_axi_stream_master:3.0) from (Rev. 3) to (Rev. 4)






Copyright 1986-2019 Xilinx, Inc. All Rights Reserved.
------------------------------------------------------------------------------------
| Tool Version : Vivado v.2019.1 (lin64) Build 2552052 Fri May 24 14:47:09 MDT 2019
| Date         : Fri Jul 26 17:13:47 2019
| Host         : umram-MS-7C13 running 64-bit Ubuntu 18.04.2 LTS
| Command      : upgrade_ip
| Device       : xc7z020clg484-1
------------------------------------------------------------------------------------

Upgrade Log for IP 'design_1_my_axi_stream_master_0_4'

1. Summary
----------

SUCCESS in the upgrade of design_1_my_axi_stream_master_0_4 (user.org:user:my_axi_stream_master:3.0) from (Rev. 2) to (Rev. 3)

