17:54:50 INFO  : Registering command handlers for SDK TCF services
17:54:51 INFO  : Launching XSCT server: xsct -n -interactive /home/umram/Vivado_Projects/vivado/axi_stream_fifo_project/axi_stream_fifo_project.sdk/temp_xsdb_launch_script.tcl
17:54:53 INFO  : XSCT server has started successfully.
17:54:54 INFO  : Successfully done setting XSCT server connection channel  
17:54:54 INFO  : Successfully done setting SDK workspace  
17:54:54 INFO  : Processing command line option -hwspec /home/umram/Vivado_Projects/vivado/axi_stream_fifo_project/axi_stream_fifo_project.sdk/design_1_wrapper.hdf.
18:13:20 INFO  : Launching XSCT server: xsct -n -interactive /home/umram/Vivado_Projects/vivado/axi_stream_fifo_project/axi_stream_fifo_project.sdk/temp_xsdb_launch_script.tcl
18:13:22 INFO  : XSCT server has started successfully.
18:13:23 INFO  : Successfully done setting XSCT server connection channel  
18:13:23 INFO  : Successfully done setting SDK workspace  
18:13:26 INFO  : Registering command handlers for SDK TCF services
18:13:26 INFO  : Processing command line option -hwspec /home/umram/Vivado_Projects/vivado/axi_stream_fifo_project/axi_stream_fifo_project.sdk/design_1_wrapper.hdf.
18:13:27 INFO  : Checking for hwspec changes in the project design_1_wrapper_hw_platform_0.
12:32:54 INFO  : Launching XSCT server: xsct -n -interactive /home/umram/Vivado_Projects/vivado/axi_stream_fifo_project/axi_stream_fifo_project.sdk/temp_xsdb_launch_script.tcl
12:32:56 INFO  : XSCT server has started successfully.
12:32:56 INFO  : Successfully done setting XSCT server connection channel  
12:32:57 INFO  : Successfully done setting SDK workspace  
12:33:00 INFO  : Registering command handlers for SDK TCF services
12:33:00 INFO  : Processing command line option -hwspec /home/umram/Vivado_Projects/vivado/axi_stream_fifo_project/axi_stream_fifo_project.sdk/design_1_wrapper.hdf.
12:33:01 INFO  : Checking for hwspec changes in the project design_1_wrapper_hw_platform_0.
12:45:23 INFO  : Connected to target on host '127.0.0.1' and port '3121'.
12:49:19 INFO  : Registering command handlers for SDK TCF services
12:49:20 INFO  : Launching XSCT server: xsct -n -interactive /home/umram/Vivado_Projects/vivado/axi_stream_fifo_project/axi_stream_fifo_project.sdk/temp_xsdb_launch_script.tcl
12:49:22 INFO  : XSCT server has started successfully.
12:49:22 INFO  : Successfully done setting XSCT server connection channel  
12:49:22 INFO  : Successfully done setting SDK workspace  
12:49:22 INFO  : Processing command line option -hwspec /home/umram/Vivado_Projects/vivado/axi_stream_fifo_project/axi_stream_fifo_project.sdk/design_1_wrapper.hdf.
12:49:22 INFO  : Checking for hwspec changes in the project design_1_wrapper_hw_platform_0.
12:49:37 INFO  : 'targets -set -filter {jtag_cable_name =~ "Digilent Zed 210248773495" && level==0} -index 1' command is executed.
12:49:37 INFO  : 'fpga -state' command is executed.
12:49:37 INFO  : Connected to target on host '127.0.0.1' and port '3121'.
12:49:37 INFO  : Jtag cable 'Digilent Zed 210248773495' is selected.
12:49:37 INFO  : 'jtag frequency' command is executed.
12:49:37 INFO  : Sourcing of '/home/umram/Vivado_Projects/vivado/axi_stream_fifo_project/axi_stream_fifo_project.sdk/design_1_wrapper_hw_platform_0/ps7_init.tcl' is done.
12:49:37 INFO  : Context for 'APU' is selected.
12:49:37 INFO  : Hardware design information is loaded from '/home/umram/Vivado_Projects/vivado/axi_stream_fifo_project/axi_stream_fifo_project.sdk/design_1_wrapper_hw_platform_0/system.hdf'.
12:49:37 INFO  : 'configparams force-mem-access 1' command is executed.
12:49:37 INFO  : Context for 'APU' is selected.
12:49:37 INFO  : 'stop' command is executed.
12:49:38 INFO  : 'ps7_init' command is executed.
12:49:38 INFO  : 'ps7_post_config' command is executed.
12:49:38 INFO  : Context for processor 'ps7_cortexa9_0' is selected.
12:49:38 INFO  : Processor reset is completed for 'ps7_cortexa9_0'.
12:49:38 INFO  : Context for processor 'ps7_cortexa9_0' is selected.
12:49:38 INFO  : The application '/home/umram/Vivado_Projects/vivado/axi_stream_fifo_project/axi_stream_fifo_project.sdk/sampling_test_1/Debug/sampling_test_1.elf' is downloaded to processor 'ps7_cortexa9_0'.
12:49:38 INFO  : 'configparams force-mem-access 0' command is executed.
12:49:38 INFO  : ----------------XSDB Script----------------
connect -url tcp:127.0.0.1:3121
source /home/umram/Vivado_Projects/vivado/axi_stream_fifo_project/axi_stream_fifo_project.sdk/design_1_wrapper_hw_platform_0/ps7_init.tcl
targets -set -nocase -filter {name =~"APU*" && jtag_cable_name =~ "Digilent Zed 210248773495"} -index 0
loadhw -hw /home/umram/Vivado_Projects/vivado/axi_stream_fifo_project/axi_stream_fifo_project.sdk/design_1_wrapper_hw_platform_0/system.hdf -mem-ranges [list {0x40000000 0xbfffffff}]
configparams force-mem-access 1
targets -set -nocase -filter {name =~"APU*" && jtag_cable_name =~ "Digilent Zed 210248773495"} -index 0
stop
ps7_init
ps7_post_config
targets -set -nocase -filter {name =~ "ARM*#0" && jtag_cable_name =~ "Digilent Zed 210248773495"} -index 0
rst -processor
targets -set -nocase -filter {name =~ "ARM*#0" && jtag_cable_name =~ "Digilent Zed 210248773495"} -index 0
dow /home/umram/Vivado_Projects/vivado/axi_stream_fifo_project/axi_stream_fifo_project.sdk/sampling_test_1/Debug/sampling_test_1.elf
configparams force-mem-access 0
----------------End of Script----------------

12:49:38 INFO  : Memory regions updated for context APU
12:49:38 INFO  : Context for processor 'ps7_cortexa9_0' is selected.
12:49:38 INFO  : 'con' command is executed.
12:49:38 INFO  : ----------------XSDB Script (After Launch)----------------
targets -set -nocase -filter {name =~ "ARM*#0" && jtag_cable_name =~ "Digilent Zed 210248773495"} -index 0
con
----------------End of Script----------------

12:49:38 INFO  : Launch script is exported to file '/home/umram/Vivado_Projects/vivado/axi_stream_fifo_project/axi_stream_fifo_project.sdk/.sdk/launch_scripts/xilinx_c-c++_application_(system_debugger)/system_debugger_using_debug_sampling_test_1.elf_on_local.tcl'
12:57:35 INFO  : Disconnected from the channel tcfchan#1.
12:57:37 INFO  : 'targets -set -filter {jtag_cable_name =~ "Digilent Zed 210248773495" && level==0} -index 1' command is executed.
12:57:37 INFO  : 'fpga -state' command is executed.
12:57:37 INFO  : Connected to target on host '127.0.0.1' and port '3121'.
12:57:37 INFO  : Jtag cable 'Digilent Zed 210248773495' is selected.
12:57:37 INFO  : 'jtag frequency' command is executed.
12:57:37 INFO  : Sourcing of '/home/umram/Vivado_Projects/vivado/axi_stream_fifo_project/axi_stream_fifo_project.sdk/design_1_wrapper_hw_platform_0/ps7_init.tcl' is done.
12:57:37 INFO  : Context for 'APU' is selected.
12:57:38 INFO  : Hardware design information is loaded from '/home/umram/Vivado_Projects/vivado/axi_stream_fifo_project/axi_stream_fifo_project.sdk/design_1_wrapper_hw_platform_0/system.hdf'.
12:57:38 INFO  : 'configparams force-mem-access 1' command is executed.
12:57:38 INFO  : Context for 'APU' is selected.
12:57:38 INFO  : 'stop' command is executed.
12:57:38 INFO  : 'ps7_init' command is executed.
12:57:38 INFO  : 'ps7_post_config' command is executed.
12:57:38 INFO  : Context for processor 'ps7_cortexa9_0' is selected.
12:57:38 INFO  : Processor reset is completed for 'ps7_cortexa9_0'.
12:57:39 INFO  : Context for processor 'ps7_cortexa9_0' is selected.
12:57:39 INFO  : The application '/home/umram/Vivado_Projects/vivado/axi_stream_fifo_project/axi_stream_fifo_project.sdk/sampling_test_1/Debug/sampling_test_1.elf' is downloaded to processor 'ps7_cortexa9_0'.
12:57:39 INFO  : 'configparams force-mem-access 0' command is executed.
12:57:39 INFO  : ----------------XSDB Script----------------
connect -url tcp:127.0.0.1:3121
source /home/umram/Vivado_Projects/vivado/axi_stream_fifo_project/axi_stream_fifo_project.sdk/design_1_wrapper_hw_platform_0/ps7_init.tcl
targets -set -nocase -filter {name =~"APU*" && jtag_cable_name =~ "Digilent Zed 210248773495"} -index 0
loadhw -hw /home/umram/Vivado_Projects/vivado/axi_stream_fifo_project/axi_stream_fifo_project.sdk/design_1_wrapper_hw_platform_0/system.hdf -mem-ranges [list {0x40000000 0xbfffffff}]
configparams force-mem-access 1
targets -set -nocase -filter {name =~"APU*" && jtag_cable_name =~ "Digilent Zed 210248773495"} -index 0
stop
ps7_init
ps7_post_config
targets -set -nocase -filter {name =~ "ARM*#0" && jtag_cable_name =~ "Digilent Zed 210248773495"} -index 0
rst -processor
targets -set -nocase -filter {name =~ "ARM*#0" && jtag_cable_name =~ "Digilent Zed 210248773495"} -index 0
dow /home/umram/Vivado_Projects/vivado/axi_stream_fifo_project/axi_stream_fifo_project.sdk/sampling_test_1/Debug/sampling_test_1.elf
configparams force-mem-access 0
----------------End of Script----------------

12:57:39 INFO  : Memory regions updated for context APU
12:57:39 INFO  : Context for processor 'ps7_cortexa9_0' is selected.
12:57:39 INFO  : 'con' command is executed.
12:57:39 INFO  : ----------------XSDB Script (After Launch)----------------
targets -set -nocase -filter {name =~ "ARM*#0" && jtag_cable_name =~ "Digilent Zed 210248773495"} -index 0
con
----------------End of Script----------------

12:57:39 INFO  : Launch script is exported to file '/home/umram/Vivado_Projects/vivado/axi_stream_fifo_project/axi_stream_fifo_project.sdk/.sdk/launch_scripts/xilinx_c-c++_application_(system_debugger)/system_debugger_using_debug_sampling_test_1.elf_on_local.tcl'
12:57:49 INFO  : Disconnected from the channel tcfchan#2.
12:57:50 INFO  : 'targets -set -filter {jtag_cable_name =~ "Digilent Zed 210248773495" && level==0} -index 1' command is executed.
12:57:50 INFO  : 'fpga -state' command is executed.
12:57:50 INFO  : Connected to target on host '127.0.0.1' and port '3121'.
12:57:50 INFO  : Jtag cable 'Digilent Zed 210248773495' is selected.
12:57:50 INFO  : 'jtag frequency' command is executed.
12:57:50 INFO  : Sourcing of '/home/umram/Vivado_Projects/vivado/axi_stream_fifo_project/axi_stream_fifo_project.sdk/design_1_wrapper_hw_platform_0/ps7_init.tcl' is done.
12:57:50 INFO  : Context for 'APU' is selected.
12:57:51 INFO  : Hardware design information is loaded from '/home/umram/Vivado_Projects/vivado/axi_stream_fifo_project/axi_stream_fifo_project.sdk/design_1_wrapper_hw_platform_0/system.hdf'.
12:57:51 INFO  : 'configparams force-mem-access 1' command is executed.
12:57:51 INFO  : Context for 'APU' is selected.
12:57:51 INFO  : 'stop' command is executed.
12:57:52 INFO  : 'ps7_init' command is executed.
12:57:52 INFO  : 'ps7_post_config' command is executed.
12:57:52 INFO  : Context for processor 'ps7_cortexa9_0' is selected.
12:57:52 INFO  : Processor reset is completed for 'ps7_cortexa9_0'.
12:57:52 INFO  : Context for processor 'ps7_cortexa9_0' is selected.
12:57:52 INFO  : The application '/home/umram/Vivado_Projects/vivado/axi_stream_fifo_project/axi_stream_fifo_project.sdk/sampling_test_1/Debug/sampling_test_1.elf' is downloaded to processor 'ps7_cortexa9_0'.
12:57:52 INFO  : 'configparams force-mem-access 0' command is executed.
12:57:52 INFO  : ----------------XSDB Script----------------
connect -url tcp:127.0.0.1:3121
source /home/umram/Vivado_Projects/vivado/axi_stream_fifo_project/axi_stream_fifo_project.sdk/design_1_wrapper_hw_platform_0/ps7_init.tcl
targets -set -nocase -filter {name =~"APU*" && jtag_cable_name =~ "Digilent Zed 210248773495"} -index 0
loadhw -hw /home/umram/Vivado_Projects/vivado/axi_stream_fifo_project/axi_stream_fifo_project.sdk/design_1_wrapper_hw_platform_0/system.hdf -mem-ranges [list {0x40000000 0xbfffffff}]
configparams force-mem-access 1
targets -set -nocase -filter {name =~"APU*" && jtag_cable_name =~ "Digilent Zed 210248773495"} -index 0
stop
ps7_init
ps7_post_config
targets -set -nocase -filter {name =~ "ARM*#0" && jtag_cable_name =~ "Digilent Zed 210248773495"} -index 0
rst -processor
targets -set -nocase -filter {name =~ "ARM*#0" && jtag_cable_name =~ "Digilent Zed 210248773495"} -index 0
dow /home/umram/Vivado_Projects/vivado/axi_stream_fifo_project/axi_stream_fifo_project.sdk/sampling_test_1/Debug/sampling_test_1.elf
configparams force-mem-access 0
----------------End of Script----------------

12:57:52 INFO  : Memory regions updated for context APU
12:57:52 INFO  : Context for processor 'ps7_cortexa9_0' is selected.
12:57:52 INFO  : 'con' command is executed.
12:57:52 INFO  : ----------------XSDB Script (After Launch)----------------
targets -set -nocase -filter {name =~ "ARM*#0" && jtag_cable_name =~ "Digilent Zed 210248773495"} -index 0
con
----------------End of Script----------------

12:57:52 INFO  : Launch script is exported to file '/home/umram/Vivado_Projects/vivado/axi_stream_fifo_project/axi_stream_fifo_project.sdk/.sdk/launch_scripts/xilinx_c-c++_application_(system_debugger)/system_debugger_using_debug_sampling_test_1.elf_on_local.tcl'
12:58:03 INFO  : Connected to target on host '127.0.0.1' and port '3121'.
12:58:03 INFO  : 'targets -set -filter {jtag_cable_name =~ "Digilent Zed 210248773495" && level==0} -index 1' command is executed.
12:58:05 INFO  : FPGA configured successfully with bitstream "/home/umram/Vivado_Projects/vivado/axi_stream_fifo_project/axi_stream_fifo_project.sdk/design_1_wrapper_hw_platform_0/design_1_wrapper.bit"
12:58:15 INFO  : Connected to target on host '127.0.0.1' and port '3121'.
12:58:15 INFO  : 'targets -set -filter {jtag_cable_name =~ "Digilent Zed 210248773495" && level==0} -index 1' command is executed.
12:58:18 INFO  : FPGA configured successfully with bitstream "/home/umram/Vivado_Projects/vivado/axi_stream_fifo_project/axi_stream_fifo_project.sdk/design_1_wrapper_hw_platform_0/design_1_wrapper.bit"
12:59:47 INFO  : Connected to target on host '127.0.0.1' and port '3121'.
12:59:47 INFO  : 'targets -set -filter {jtag_cable_name =~ "Digilent Zed 210248773495" && level==0} -index 1' command is executed.
12:59:49 INFO  : FPGA configured successfully with bitstream "/home/umram/Vivado_Projects/vivado/axi_stream_fifo_project/axi_stream_fifo_project.sdk/design_1_wrapper_hw_platform_0/design_1_wrapper.bit"
12:59:57 INFO  : Disconnected from the channel tcfchan#3.
12:59:58 INFO  : 'targets -set -filter {jtag_cable_name =~ "Digilent Zed 210248773495" && level==0} -index 1' command is executed.
12:59:58 INFO  : 'fpga -state' command is executed.
12:59:58 INFO  : Connected to target on host '127.0.0.1' and port '3121'.
12:59:58 INFO  : Jtag cable 'Digilent Zed 210248773495' is selected.
12:59:58 INFO  : 'jtag frequency' command is executed.
12:59:58 INFO  : Sourcing of '/home/umram/Vivado_Projects/vivado/axi_stream_fifo_project/axi_stream_fifo_project.sdk/design_1_wrapper_hw_platform_0/ps7_init.tcl' is done.
12:59:58 INFO  : Context for 'APU' is selected.
12:59:59 INFO  : Hardware design information is loaded from '/home/umram/Vivado_Projects/vivado/axi_stream_fifo_project/axi_stream_fifo_project.sdk/design_1_wrapper_hw_platform_0/system.hdf'.
12:59:59 INFO  : 'configparams force-mem-access 1' command is executed.
12:59:59 INFO  : Context for 'APU' is selected.
12:59:59 INFO  : 'stop' command is executed.
13:00:00 INFO  : 'ps7_init' command is executed.
13:00:00 INFO  : 'ps7_post_config' command is executed.
13:00:00 INFO  : Context for processor 'ps7_cortexa9_0' is selected.
13:00:00 INFO  : Processor reset is completed for 'ps7_cortexa9_0'.
13:00:00 INFO  : Context for processor 'ps7_cortexa9_0' is selected.
13:00:00 INFO  : The application '/home/umram/Vivado_Projects/vivado/axi_stream_fifo_project/axi_stream_fifo_project.sdk/sampling_test_1/Debug/sampling_test_1.elf' is downloaded to processor 'ps7_cortexa9_0'.
13:00:00 INFO  : 'configparams force-mem-access 0' command is executed.
13:00:00 INFO  : ----------------XSDB Script----------------
connect -url tcp:127.0.0.1:3121
source /home/umram/Vivado_Projects/vivado/axi_stream_fifo_project/axi_stream_fifo_project.sdk/design_1_wrapper_hw_platform_0/ps7_init.tcl
targets -set -nocase -filter {name =~"APU*" && jtag_cable_name =~ "Digilent Zed 210248773495"} -index 0
loadhw -hw /home/umram/Vivado_Projects/vivado/axi_stream_fifo_project/axi_stream_fifo_project.sdk/design_1_wrapper_hw_platform_0/system.hdf -mem-ranges [list {0x40000000 0xbfffffff}]
configparams force-mem-access 1
targets -set -nocase -filter {name =~"APU*" && jtag_cable_name =~ "Digilent Zed 210248773495"} -index 0
stop
ps7_init
ps7_post_config
targets -set -nocase -filter {name =~ "ARM*#0" && jtag_cable_name =~ "Digilent Zed 210248773495"} -index 0
rst -processor
targets -set -nocase -filter {name =~ "ARM*#0" && jtag_cable_name =~ "Digilent Zed 210248773495"} -index 0
dow /home/umram/Vivado_Projects/vivado/axi_stream_fifo_project/axi_stream_fifo_project.sdk/sampling_test_1/Debug/sampling_test_1.elf
configparams force-mem-access 0
----------------End of Script----------------

13:00:00 INFO  : Memory regions updated for context APU
13:00:00 INFO  : Context for processor 'ps7_cortexa9_0' is selected.
13:00:00 INFO  : 'con' command is executed.
13:00:00 INFO  : ----------------XSDB Script (After Launch)----------------
targets -set -nocase -filter {name =~ "ARM*#0" && jtag_cable_name =~ "Digilent Zed 210248773495"} -index 0
con
----------------End of Script----------------

13:00:00 INFO  : Launch script is exported to file '/home/umram/Vivado_Projects/vivado/axi_stream_fifo_project/axi_stream_fifo_project.sdk/.sdk/launch_scripts/xilinx_c-c++_application_(system_debugger)/system_debugger_using_debug_sampling_test_1.elf_on_local.tcl'
13:03:34 INFO  : Connected to target on host '127.0.0.1' and port '3121'.
13:03:34 INFO  : 'targets -set -filter {jtag_cable_name =~ "Digilent Zed 210248773495" && level==0} -index 1' command is executed.
13:03:37 INFO  : FPGA configured successfully with bitstream "/home/umram/Vivado_Projects/vivado/axi_stream_fifo_project/axi_stream_fifo_project.sdk/design_1_wrapper_hw_platform_0/design_1_wrapper.bit"
13:03:53 INFO  : Connected to target on host '127.0.0.1' and port '3121'.
13:04:07 INFO  : Connected to target on host '127.0.0.1' and port '3121'.
13:04:07 INFO  : 'targets -set -filter {jtag_cable_name =~ "Digilent Zed 210248773495" && level==0} -index 1' command is executed.
13:04:09 INFO  : FPGA configured successfully with bitstream "/home/umram/Vivado_Projects/vivado/axi_stream_fifo_project/axi_stream_fifo_project.sdk/design_1_wrapper_hw_platform_0/design_1_wrapper.bit"
13:07:48 INFO  : Connected to target on host '127.0.0.1' and port '3121'.
13:07:48 INFO  : 'targets -set -filter {jtag_cable_name =~ "Digilent Zed 210248773495" && level==0} -index 1' command is executed.
13:07:50 INFO  : FPGA configured successfully with bitstream "/home/umram/Vivado_Projects/vivado/axi_stream_fifo_project/axi_stream_fifo_project.sdk/design_1_wrapper_hw_platform_0/design_1_wrapper.bit"
13:08:06 INFO  : Disconnected from the channel tcfchan#4.
13:08:07 INFO  : 'targets -set -filter {jtag_cable_name =~ "Digilent Zed 210248773495" && level==0} -index 1' command is executed.
13:08:07 INFO  : 'fpga -state' command is executed.
13:08:07 INFO  : Connected to target on host '127.0.0.1' and port '3121'.
13:08:07 INFO  : Jtag cable 'Digilent Zed 210248773495' is selected.
13:08:07 INFO  : 'jtag frequency' command is executed.
13:08:07 INFO  : Sourcing of '/home/umram/Vivado_Projects/vivado/axi_stream_fifo_project/axi_stream_fifo_project.sdk/design_1_wrapper_hw_platform_0/ps7_init.tcl' is done.
13:08:07 INFO  : Context for 'APU' is selected.
13:08:09 INFO  : Hardware design information is loaded from '/home/umram/Vivado_Projects/vivado/axi_stream_fifo_project/axi_stream_fifo_project.sdk/design_1_wrapper_hw_platform_0/system.hdf'.
13:08:09 INFO  : 'configparams force-mem-access 1' command is executed.
13:08:09 INFO  : Context for 'APU' is selected.
13:08:09 INFO  : 'stop' command is executed.
13:08:09 INFO  : 'ps7_init' command is executed.
13:08:09 INFO  : 'ps7_post_config' command is executed.
13:08:09 INFO  : Context for processor 'ps7_cortexa9_0' is selected.
13:08:09 INFO  : Processor reset is completed for 'ps7_cortexa9_0'.
13:08:09 INFO  : Context for processor 'ps7_cortexa9_0' is selected.
13:08:09 INFO  : The application '/home/umram/Vivado_Projects/vivado/axi_stream_fifo_project/axi_stream_fifo_project.sdk/sampling_test_1/Debug/sampling_test_1.elf' is downloaded to processor 'ps7_cortexa9_0'.
13:08:09 INFO  : 'configparams force-mem-access 0' command is executed.
13:08:09 INFO  : ----------------XSDB Script----------------
connect -url tcp:127.0.0.1:3121
source /home/umram/Vivado_Projects/vivado/axi_stream_fifo_project/axi_stream_fifo_project.sdk/design_1_wrapper_hw_platform_0/ps7_init.tcl
targets -set -nocase -filter {name =~"APU*" && jtag_cable_name =~ "Digilent Zed 210248773495"} -index 0
loadhw -hw /home/umram/Vivado_Projects/vivado/axi_stream_fifo_project/axi_stream_fifo_project.sdk/design_1_wrapper_hw_platform_0/system.hdf -mem-ranges [list {0x40000000 0xbfffffff}]
configparams force-mem-access 1
targets -set -nocase -filter {name =~"APU*" && jtag_cable_name =~ "Digilent Zed 210248773495"} -index 0
stop
ps7_init
ps7_post_config
targets -set -nocase -filter {name =~ "ARM*#0" && jtag_cable_name =~ "Digilent Zed 210248773495"} -index 0
rst -processor
targets -set -nocase -filter {name =~ "ARM*#0" && jtag_cable_name =~ "Digilent Zed 210248773495"} -index 0
dow /home/umram/Vivado_Projects/vivado/axi_stream_fifo_project/axi_stream_fifo_project.sdk/sampling_test_1/Debug/sampling_test_1.elf
configparams force-mem-access 0
----------------End of Script----------------

13:08:09 INFO  : Memory regions updated for context APU
13:08:09 INFO  : Context for processor 'ps7_cortexa9_0' is selected.
13:08:09 INFO  : 'con' command is executed.
13:08:09 INFO  : ----------------XSDB Script (After Launch)----------------
targets -set -nocase -filter {name =~ "ARM*#0" && jtag_cable_name =~ "Digilent Zed 210248773495"} -index 0
con
----------------End of Script----------------

13:08:09 INFO  : Launch script is exported to file '/home/umram/Vivado_Projects/vivado/axi_stream_fifo_project/axi_stream_fifo_project.sdk/.sdk/launch_scripts/xilinx_c-c++_application_(system_debugger)/system_debugger_using_debug_sampling_test_1.elf_on_local.tcl'
13:12:40 INFO  : Disconnected from the channel tcfchan#5.
13:12:41 INFO  : 'targets -set -filter {jtag_cable_name =~ "Digilent Zed 210248773495" && level==0} -index 1' command is executed.
13:12:41 INFO  : 'fpga -state' command is executed.
13:12:41 INFO  : Connected to target on host '127.0.0.1' and port '3121'.
13:12:41 INFO  : Jtag cable 'Digilent Zed 210248773495' is selected.
13:12:41 INFO  : 'jtag frequency' command is executed.
13:12:41 INFO  : Sourcing of '/home/umram/Vivado_Projects/vivado/axi_stream_fifo_project/axi_stream_fifo_project.sdk/design_1_wrapper_hw_platform_0/ps7_init.tcl' is done.
13:12:41 INFO  : Context for 'APU' is selected.
13:12:42 INFO  : Hardware design information is loaded from '/home/umram/Vivado_Projects/vivado/axi_stream_fifo_project/axi_stream_fifo_project.sdk/design_1_wrapper_hw_platform_0/system.hdf'.
13:12:42 INFO  : 'configparams force-mem-access 1' command is executed.
13:12:42 INFO  : Context for 'APU' is selected.
13:12:42 INFO  : 'stop' command is executed.
13:12:42 INFO  : 'ps7_init' command is executed.
13:12:42 INFO  : 'ps7_post_config' command is executed.
13:12:42 INFO  : Context for processor 'ps7_cortexa9_0' is selected.
13:12:42 INFO  : Processor reset is completed for 'ps7_cortexa9_0'.
13:12:42 INFO  : Context for processor 'ps7_cortexa9_0' is selected.
13:12:42 INFO  : The application '/home/umram/Vivado_Projects/vivado/axi_stream_fifo_project/axi_stream_fifo_project.sdk/sampling_test_1/Debug/sampling_test_1.elf' is downloaded to processor 'ps7_cortexa9_0'.
13:12:42 INFO  : 'configparams force-mem-access 0' command is executed.
13:12:42 INFO  : ----------------XSDB Script----------------
connect -url tcp:127.0.0.1:3121
source /home/umram/Vivado_Projects/vivado/axi_stream_fifo_project/axi_stream_fifo_project.sdk/design_1_wrapper_hw_platform_0/ps7_init.tcl
targets -set -nocase -filter {name =~"APU*" && jtag_cable_name =~ "Digilent Zed 210248773495"} -index 0
loadhw -hw /home/umram/Vivado_Projects/vivado/axi_stream_fifo_project/axi_stream_fifo_project.sdk/design_1_wrapper_hw_platform_0/system.hdf -mem-ranges [list {0x40000000 0xbfffffff}]
configparams force-mem-access 1
targets -set -nocase -filter {name =~"APU*" && jtag_cable_name =~ "Digilent Zed 210248773495"} -index 0
stop
ps7_init
ps7_post_config
targets -set -nocase -filter {name =~ "ARM*#0" && jtag_cable_name =~ "Digilent Zed 210248773495"} -index 0
rst -processor
targets -set -nocase -filter {name =~ "ARM*#0" && jtag_cable_name =~ "Digilent Zed 210248773495"} -index 0
dow /home/umram/Vivado_Projects/vivado/axi_stream_fifo_project/axi_stream_fifo_project.sdk/sampling_test_1/Debug/sampling_test_1.elf
configparams force-mem-access 0
----------------End of Script----------------

13:12:42 INFO  : Memory regions updated for context APU
13:12:42 INFO  : Context for processor 'ps7_cortexa9_0' is selected.
13:12:42 INFO  : 'con' command is executed.
13:12:42 INFO  : ----------------XSDB Script (After Launch)----------------
targets -set -nocase -filter {name =~ "ARM*#0" && jtag_cable_name =~ "Digilent Zed 210248773495"} -index 0
con
----------------End of Script----------------

13:12:42 INFO  : Launch script is exported to file '/home/umram/Vivado_Projects/vivado/axi_stream_fifo_project/axi_stream_fifo_project.sdk/.sdk/launch_scripts/xilinx_c-c++_application_(system_debugger)/system_debugger_using_debug_sampling_test_1.elf_on_local.tcl'
13:14:25 INFO  : Disconnected from the channel tcfchan#6.
13:14:26 INFO  : 'targets -set -filter {jtag_cable_name =~ "Digilent Zed 210248773495" && level==0} -index 1' command is executed.
13:14:26 INFO  : 'fpga -state' command is executed.
13:14:26 INFO  : Connected to target on host '127.0.0.1' and port '3121'.
13:14:26 INFO  : Jtag cable 'Digilent Zed 210248773495' is selected.
13:14:26 INFO  : 'jtag frequency' command is executed.
13:14:26 INFO  : Sourcing of '/home/umram/Vivado_Projects/vivado/axi_stream_fifo_project/axi_stream_fifo_project.sdk/design_1_wrapper_hw_platform_0/ps7_init.tcl' is done.
13:14:26 INFO  : Context for 'APU' is selected.
13:14:27 INFO  : Hardware design information is loaded from '/home/umram/Vivado_Projects/vivado/axi_stream_fifo_project/axi_stream_fifo_project.sdk/design_1_wrapper_hw_platform_0/system.hdf'.
13:14:27 INFO  : 'configparams force-mem-access 1' command is executed.
13:14:27 INFO  : Context for 'APU' is selected.
13:14:27 INFO  : 'stop' command is executed.
13:14:27 INFO  : 'ps7_init' command is executed.
13:14:27 INFO  : 'ps7_post_config' command is executed.
13:14:27 INFO  : Context for processor 'ps7_cortexa9_0' is selected.
13:14:27 INFO  : Processor reset is completed for 'ps7_cortexa9_0'.
13:14:27 INFO  : Context for processor 'ps7_cortexa9_0' is selected.
13:14:27 INFO  : The application '/home/umram/Vivado_Projects/vivado/axi_stream_fifo_project/axi_stream_fifo_project.sdk/sampling_test_1/Debug/sampling_test_1.elf' is downloaded to processor 'ps7_cortexa9_0'.
13:14:27 INFO  : 'configparams force-mem-access 0' command is executed.
13:14:27 INFO  : ----------------XSDB Script----------------
connect -url tcp:127.0.0.1:3121
source /home/umram/Vivado_Projects/vivado/axi_stream_fifo_project/axi_stream_fifo_project.sdk/design_1_wrapper_hw_platform_0/ps7_init.tcl
targets -set -nocase -filter {name =~"APU*" && jtag_cable_name =~ "Digilent Zed 210248773495"} -index 0
loadhw -hw /home/umram/Vivado_Projects/vivado/axi_stream_fifo_project/axi_stream_fifo_project.sdk/design_1_wrapper_hw_platform_0/system.hdf -mem-ranges [list {0x40000000 0xbfffffff}]
configparams force-mem-access 1
targets -set -nocase -filter {name =~"APU*" && jtag_cable_name =~ "Digilent Zed 210248773495"} -index 0
stop
ps7_init
ps7_post_config
targets -set -nocase -filter {name =~ "ARM*#0" && jtag_cable_name =~ "Digilent Zed 210248773495"} -index 0
rst -processor
targets -set -nocase -filter {name =~ "ARM*#0" && jtag_cable_name =~ "Digilent Zed 210248773495"} -index 0
dow /home/umram/Vivado_Projects/vivado/axi_stream_fifo_project/axi_stream_fifo_project.sdk/sampling_test_1/Debug/sampling_test_1.elf
configparams force-mem-access 0
----------------End of Script----------------

13:14:27 INFO  : Memory regions updated for context APU
13:14:28 INFO  : Context for processor 'ps7_cortexa9_0' is selected.
13:14:28 INFO  : 'con' command is executed.
13:14:28 INFO  : ----------------XSDB Script (After Launch)----------------
targets -set -nocase -filter {name =~ "ARM*#0" && jtag_cable_name =~ "Digilent Zed 210248773495"} -index 0
con
----------------End of Script----------------

13:14:28 INFO  : Launch script is exported to file '/home/umram/Vivado_Projects/vivado/axi_stream_fifo_project/axi_stream_fifo_project.sdk/.sdk/launch_scripts/xilinx_c-c++_application_(system_debugger)/system_debugger_using_debug_sampling_test_1.elf_on_local.tcl'
13:15:30 INFO  : Disconnected from the channel tcfchan#7.
13:15:31 INFO  : 'targets -set -filter {jtag_cable_name =~ "Digilent Zed 210248773495" && level==0} -index 1' command is executed.
13:15:31 INFO  : 'fpga -state' command is executed.
13:15:31 INFO  : Connected to target on host '127.0.0.1' and port '3121'.
13:15:31 INFO  : Jtag cable 'Digilent Zed 210248773495' is selected.
13:15:31 INFO  : 'jtag frequency' command is executed.
13:15:31 INFO  : Sourcing of '/home/umram/Vivado_Projects/vivado/axi_stream_fifo_project/axi_stream_fifo_project.sdk/design_1_wrapper_hw_platform_0/ps7_init.tcl' is done.
13:15:31 INFO  : Context for 'APU' is selected.
13:15:32 INFO  : Hardware design information is loaded from '/home/umram/Vivado_Projects/vivado/axi_stream_fifo_project/axi_stream_fifo_project.sdk/design_1_wrapper_hw_platform_0/system.hdf'.
13:15:32 INFO  : 'configparams force-mem-access 1' command is executed.
13:15:32 INFO  : Context for 'APU' is selected.
13:15:32 INFO  : 'stop' command is executed.
13:15:32 INFO  : 'ps7_init' command is executed.
13:15:32 INFO  : 'ps7_post_config' command is executed.
13:15:32 INFO  : Context for processor 'ps7_cortexa9_0' is selected.
13:15:32 INFO  : Processor reset is completed for 'ps7_cortexa9_0'.
13:15:32 INFO  : Context for processor 'ps7_cortexa9_0' is selected.
13:15:32 INFO  : The application '/home/umram/Vivado_Projects/vivado/axi_stream_fifo_project/axi_stream_fifo_project.sdk/sampling_test_1/Debug/sampling_test_1.elf' is downloaded to processor 'ps7_cortexa9_0'.
13:15:32 INFO  : 'configparams force-mem-access 0' command is executed.
13:15:32 INFO  : ----------------XSDB Script----------------
connect -url tcp:127.0.0.1:3121
source /home/umram/Vivado_Projects/vivado/axi_stream_fifo_project/axi_stream_fifo_project.sdk/design_1_wrapper_hw_platform_0/ps7_init.tcl
targets -set -nocase -filter {name =~"APU*" && jtag_cable_name =~ "Digilent Zed 210248773495"} -index 0
loadhw -hw /home/umram/Vivado_Projects/vivado/axi_stream_fifo_project/axi_stream_fifo_project.sdk/design_1_wrapper_hw_platform_0/system.hdf -mem-ranges [list {0x40000000 0xbfffffff}]
configparams force-mem-access 1
targets -set -nocase -filter {name =~"APU*" && jtag_cable_name =~ "Digilent Zed 210248773495"} -index 0
stop
ps7_init
ps7_post_config
targets -set -nocase -filter {name =~ "ARM*#0" && jtag_cable_name =~ "Digilent Zed 210248773495"} -index 0
rst -processor
targets -set -nocase -filter {name =~ "ARM*#0" && jtag_cable_name =~ "Digilent Zed 210248773495"} -index 0
dow /home/umram/Vivado_Projects/vivado/axi_stream_fifo_project/axi_stream_fifo_project.sdk/sampling_test_1/Debug/sampling_test_1.elf
configparams force-mem-access 0
----------------End of Script----------------

13:15:32 INFO  : Memory regions updated for context APU
13:15:32 INFO  : Context for processor 'ps7_cortexa9_0' is selected.
13:15:32 INFO  : 'con' command is executed.
13:15:32 INFO  : ----------------XSDB Script (After Launch)----------------
targets -set -nocase -filter {name =~ "ARM*#0" && jtag_cable_name =~ "Digilent Zed 210248773495"} -index 0
con
----------------End of Script----------------

13:15:32 INFO  : Launch script is exported to file '/home/umram/Vivado_Projects/vivado/axi_stream_fifo_project/axi_stream_fifo_project.sdk/.sdk/launch_scripts/xilinx_c-c++_application_(system_debugger)/system_debugger_using_debug_sampling_test_1.elf_on_local.tcl'
13:17:03 INFO  : Disconnected from the channel tcfchan#8.
13:17:04 INFO  : 'targets -set -filter {jtag_cable_name =~ "Digilent Zed 210248773495" && level==0} -index 1' command is executed.
13:17:04 INFO  : 'fpga -state' command is executed.
13:17:04 INFO  : Connected to target on host '127.0.0.1' and port '3121'.
13:17:04 INFO  : Jtag cable 'Digilent Zed 210248773495' is selected.
13:17:04 INFO  : 'jtag frequency' command is executed.
13:17:04 INFO  : Sourcing of '/home/umram/Vivado_Projects/vivado/axi_stream_fifo_project/axi_stream_fifo_project.sdk/design_1_wrapper_hw_platform_0/ps7_init.tcl' is done.
13:17:04 INFO  : Context for 'APU' is selected.
13:17:05 INFO  : Hardware design information is loaded from '/home/umram/Vivado_Projects/vivado/axi_stream_fifo_project/axi_stream_fifo_project.sdk/design_1_wrapper_hw_platform_0/system.hdf'.
13:17:05 INFO  : 'configparams force-mem-access 1' command is executed.
13:17:05 INFO  : Context for 'APU' is selected.
13:17:05 INFO  : 'stop' command is executed.
13:17:06 INFO  : 'ps7_init' command is executed.
13:17:06 INFO  : 'ps7_post_config' command is executed.
13:17:06 INFO  : Context for processor 'ps7_cortexa9_0' is selected.
13:17:06 INFO  : Processor reset is completed for 'ps7_cortexa9_0'.
13:17:06 INFO  : Context for processor 'ps7_cortexa9_0' is selected.
13:17:06 INFO  : The application '/home/umram/Vivado_Projects/vivado/axi_stream_fifo_project/axi_stream_fifo_project.sdk/sampling_test_1/Debug/sampling_test_1.elf' is downloaded to processor 'ps7_cortexa9_0'.
13:17:06 INFO  : 'configparams force-mem-access 0' command is executed.
13:17:06 INFO  : ----------------XSDB Script----------------
connect -url tcp:127.0.0.1:3121
source /home/umram/Vivado_Projects/vivado/axi_stream_fifo_project/axi_stream_fifo_project.sdk/design_1_wrapper_hw_platform_0/ps7_init.tcl
targets -set -nocase -filter {name =~"APU*" && jtag_cable_name =~ "Digilent Zed 210248773495"} -index 0
loadhw -hw /home/umram/Vivado_Projects/vivado/axi_stream_fifo_project/axi_stream_fifo_project.sdk/design_1_wrapper_hw_platform_0/system.hdf -mem-ranges [list {0x40000000 0xbfffffff}]
configparams force-mem-access 1
targets -set -nocase -filter {name =~"APU*" && jtag_cable_name =~ "Digilent Zed 210248773495"} -index 0
stop
ps7_init
ps7_post_config
targets -set -nocase -filter {name =~ "ARM*#0" && jtag_cable_name =~ "Digilent Zed 210248773495"} -index 0
rst -processor
targets -set -nocase -filter {name =~ "ARM*#0" && jtag_cable_name =~ "Digilent Zed 210248773495"} -index 0
dow /home/umram/Vivado_Projects/vivado/axi_stream_fifo_project/axi_stream_fifo_project.sdk/sampling_test_1/Debug/sampling_test_1.elf
configparams force-mem-access 0
----------------End of Script----------------

13:17:06 INFO  : Memory regions updated for context APU
13:17:06 INFO  : Context for processor 'ps7_cortexa9_0' is selected.
13:17:06 INFO  : 'con' command is executed.
13:17:06 INFO  : ----------------XSDB Script (After Launch)----------------
targets -set -nocase -filter {name =~ "ARM*#0" && jtag_cable_name =~ "Digilent Zed 210248773495"} -index 0
con
----------------End of Script----------------

13:17:06 INFO  : Launch script is exported to file '/home/umram/Vivado_Projects/vivado/axi_stream_fifo_project/axi_stream_fifo_project.sdk/.sdk/launch_scripts/xilinx_c-c++_application_(system_debugger)/system_debugger_using_debug_sampling_test_1.elf_on_local.tcl'
13:17:55 INFO  : Disconnected from the channel tcfchan#9.
13:17:56 INFO  : 'targets -set -filter {jtag_cable_name =~ "Digilent Zed 210248773495" && level==0} -index 1' command is executed.
13:17:56 INFO  : 'fpga -state' command is executed.
13:17:56 INFO  : Connected to target on host '127.0.0.1' and port '3121'.
13:17:56 INFO  : Jtag cable 'Digilent Zed 210248773495' is selected.
13:17:56 INFO  : 'jtag frequency' command is executed.
13:17:56 INFO  : Sourcing of '/home/umram/Vivado_Projects/vivado/axi_stream_fifo_project/axi_stream_fifo_project.sdk/design_1_wrapper_hw_platform_0/ps7_init.tcl' is done.
13:17:56 INFO  : Context for 'APU' is selected.
13:17:57 INFO  : Hardware design information is loaded from '/home/umram/Vivado_Projects/vivado/axi_stream_fifo_project/axi_stream_fifo_project.sdk/design_1_wrapper_hw_platform_0/system.hdf'.
13:17:57 INFO  : 'configparams force-mem-access 1' command is executed.
13:17:57 INFO  : Context for 'APU' is selected.
13:17:57 INFO  : 'stop' command is executed.
13:17:57 INFO  : 'ps7_init' command is executed.
13:17:57 INFO  : 'ps7_post_config' command is executed.
13:17:57 INFO  : Context for processor 'ps7_cortexa9_0' is selected.
13:17:57 INFO  : Processor reset is completed for 'ps7_cortexa9_0'.
13:17:57 INFO  : Context for processor 'ps7_cortexa9_0' is selected.
13:17:58 INFO  : The application '/home/umram/Vivado_Projects/vivado/axi_stream_fifo_project/axi_stream_fifo_project.sdk/sampling_test_1/Debug/sampling_test_1.elf' is downloaded to processor 'ps7_cortexa9_0'.
13:17:58 INFO  : 'configparams force-mem-access 0' command is executed.
13:17:58 INFO  : ----------------XSDB Script----------------
connect -url tcp:127.0.0.1:3121
source /home/umram/Vivado_Projects/vivado/axi_stream_fifo_project/axi_stream_fifo_project.sdk/design_1_wrapper_hw_platform_0/ps7_init.tcl
targets -set -nocase -filter {name =~"APU*" && jtag_cable_name =~ "Digilent Zed 210248773495"} -index 0
loadhw -hw /home/umram/Vivado_Projects/vivado/axi_stream_fifo_project/axi_stream_fifo_project.sdk/design_1_wrapper_hw_platform_0/system.hdf -mem-ranges [list {0x40000000 0xbfffffff}]
configparams force-mem-access 1
targets -set -nocase -filter {name =~"APU*" && jtag_cable_name =~ "Digilent Zed 210248773495"} -index 0
stop
ps7_init
ps7_post_config
targets -set -nocase -filter {name =~ "ARM*#0" && jtag_cable_name =~ "Digilent Zed 210248773495"} -index 0
rst -processor
targets -set -nocase -filter {name =~ "ARM*#0" && jtag_cable_name =~ "Digilent Zed 210248773495"} -index 0
dow /home/umram/Vivado_Projects/vivado/axi_stream_fifo_project/axi_stream_fifo_project.sdk/sampling_test_1/Debug/sampling_test_1.elf
configparams force-mem-access 0
----------------End of Script----------------

13:17:58 INFO  : Memory regions updated for context APU
13:17:58 INFO  : Context for processor 'ps7_cortexa9_0' is selected.
13:17:58 INFO  : 'con' command is executed.
13:17:58 INFO  : ----------------XSDB Script (After Launch)----------------
targets -set -nocase -filter {name =~ "ARM*#0" && jtag_cable_name =~ "Digilent Zed 210248773495"} -index 0
con
----------------End of Script----------------

13:17:58 INFO  : Launch script is exported to file '/home/umram/Vivado_Projects/vivado/axi_stream_fifo_project/axi_stream_fifo_project.sdk/.sdk/launch_scripts/xilinx_c-c++_application_(system_debugger)/system_debugger_using_debug_sampling_test_1.elf_on_local.tcl'
13:22:32 INFO  : Disconnected from the channel tcfchan#10.
13:22:33 INFO  : 'targets -set -filter {jtag_cable_name =~ "Digilent Zed 210248773495" && level==0} -index 1' command is executed.
13:22:33 INFO  : 'fpga -state' command is executed.
13:22:33 INFO  : Connected to target on host '127.0.0.1' and port '3121'.
13:22:33 INFO  : Jtag cable 'Digilent Zed 210248773495' is selected.
13:22:33 INFO  : 'jtag frequency' command is executed.
13:22:33 INFO  : Sourcing of '/home/umram/Vivado_Projects/vivado/axi_stream_fifo_project/axi_stream_fifo_project.sdk/design_1_wrapper_hw_platform_0/ps7_init.tcl' is done.
13:22:33 INFO  : Context for 'APU' is selected.
13:22:34 INFO  : Hardware design information is loaded from '/home/umram/Vivado_Projects/vivado/axi_stream_fifo_project/axi_stream_fifo_project.sdk/design_1_wrapper_hw_platform_0/system.hdf'.
13:22:34 INFO  : 'configparams force-mem-access 1' command is executed.
13:22:34 INFO  : Context for 'APU' is selected.
13:22:34 INFO  : 'stop' command is executed.
13:22:35 INFO  : 'ps7_init' command is executed.
13:22:35 INFO  : 'ps7_post_config' command is executed.
13:22:35 INFO  : Context for processor 'ps7_cortexa9_0' is selected.
13:22:35 INFO  : Processor reset is completed for 'ps7_cortexa9_0'.
13:22:35 INFO  : Context for processor 'ps7_cortexa9_0' is selected.
13:22:35 INFO  : The application '/home/umram/Vivado_Projects/vivado/axi_stream_fifo_project/axi_stream_fifo_project.sdk/sampling_test_1/Debug/sampling_test_1.elf' is downloaded to processor 'ps7_cortexa9_0'.
13:22:35 INFO  : 'configparams force-mem-access 0' command is executed.
13:22:35 INFO  : ----------------XSDB Script----------------
connect -url tcp:127.0.0.1:3121
source /home/umram/Vivado_Projects/vivado/axi_stream_fifo_project/axi_stream_fifo_project.sdk/design_1_wrapper_hw_platform_0/ps7_init.tcl
targets -set -nocase -filter {name =~"APU*" && jtag_cable_name =~ "Digilent Zed 210248773495"} -index 0
loadhw -hw /home/umram/Vivado_Projects/vivado/axi_stream_fifo_project/axi_stream_fifo_project.sdk/design_1_wrapper_hw_platform_0/system.hdf -mem-ranges [list {0x40000000 0xbfffffff}]
configparams force-mem-access 1
targets -set -nocase -filter {name =~"APU*" && jtag_cable_name =~ "Digilent Zed 210248773495"} -index 0
stop
ps7_init
ps7_post_config
targets -set -nocase -filter {name =~ "ARM*#0" && jtag_cable_name =~ "Digilent Zed 210248773495"} -index 0
rst -processor
targets -set -nocase -filter {name =~ "ARM*#0" && jtag_cable_name =~ "Digilent Zed 210248773495"} -index 0
dow /home/umram/Vivado_Projects/vivado/axi_stream_fifo_project/axi_stream_fifo_project.sdk/sampling_test_1/Debug/sampling_test_1.elf
configparams force-mem-access 0
----------------End of Script----------------

13:22:35 INFO  : Memory regions updated for context APU
13:22:35 INFO  : Context for processor 'ps7_cortexa9_0' is selected.
13:22:35 INFO  : 'con' command is executed.
13:22:35 INFO  : ----------------XSDB Script (After Launch)----------------
targets -set -nocase -filter {name =~ "ARM*#0" && jtag_cable_name =~ "Digilent Zed 210248773495"} -index 0
con
----------------End of Script----------------

13:22:35 INFO  : Launch script is exported to file '/home/umram/Vivado_Projects/vivado/axi_stream_fifo_project/axi_stream_fifo_project.sdk/.sdk/launch_scripts/xilinx_c-c++_application_(system_debugger)/system_debugger_using_debug_sampling_test_1.elf_on_local.tcl'
14:05:30 INFO  : Disconnected from the channel tcfchan#11.
